<?xml version="1.0" encoding="UTF-8"?>
<testng-results skipped="0" failed="0" total="1" passed="1">
  <reporter-output>
  </reporter-output>
  <suite name="Default suite" duration-ms="53605" started-at="2018-12-07T11:55:11Z" finished-at="2018-12-07T11:56:04Z">
    <groups>
    </groups>
    <test name="Default test" duration-ms="53605" started-at="2018-12-07T11:55:11Z" finished-at="2018-12-07T11:56:04Z">
      <class name="com.koovs.qa.testcases.LoginPageTest">
        <test-method status="PASS" signature="setUp()[pri:0, instance:com.koovs.qa.testcases.LoginPageTest@51081592]" name="setUp" is-config="true" duration-ms="43232" started-at="2018-12-07T17:25:11Z" finished-at="2018-12-07T17:25:54Z">
          <reporter-output>
          </reporter-output>
        </test-method> <!-- setUp -->
        <test-method status="PASS" signature="loginPasswordValidationBtn()[pri:0, instance:com.koovs.qa.testcases.LoginPageTest@51081592]" name="loginPasswordValidationBtn" duration-ms="9455" started-at="2018-12-07T17:25:54Z" finished-at="2018-12-07T17:26:03Z">
          <reporter-output>
          </reporter-output>
        </test-method> <!-- loginPasswordValidationBtn -->
        <test-method status="PASS" signature="tearDown()[pri:0, instance:com.koovs.qa.testcases.LoginPageTest@51081592]" name="tearDown" is-config="true" duration-ms="896" started-at="2018-12-07T17:26:03Z" finished-at="2018-12-07T17:26:04Z">
          <reporter-output>
          </reporter-output>
        </test-method> <!-- tearDown -->
      </class> <!-- com.koovs.qa.testcases.LoginPageTest -->
    </test> <!-- Default test -->
  </suite> <!-- Default suite -->
</testng-results>
